<?xml version="1.0" encoding="UTF-8"?>
<!-- Generated by org.testng.reporters.JUnitReportReporter -->
<testsuite hostname="Ankam" failures="0" tests="1" name="com.app.TestCases.LoginTestCase" time="0.013" errors="0" timestamp="2021-05-21T15:37:34 CEST" skipped="0">
  <testcase classname="com.app.TestCases.LoginTestCase" name="verifymaventest" time="0.013"/>
  <system-out/>
</testsuite> <!-- com.app.TestCases.LoginTestCase -->
